timestamp: 2019-06-29T23:00:46.162147
CREATE TABLE "web2py_session_store"(
    "id" INTEGER PRIMARY KEY AUTOINCREMENT,
    "locked" CHAR(1),
    "client_ip" CHAR(64),
    "created_datetime" TIMESTAMP,
    "modified_datetime" TIMESTAMP,
    "unique_key" CHAR(64),
    "session_data" BLOB
);
success!
timestamp: 2019-06-29T23:00:46.174334
CREATE TABLE "auth_user"(
    "id" INTEGER PRIMARY KEY AUTOINCREMENT,
    "first_name" CHAR(128),
    "last_name" CHAR(128),
    "email" CHAR(512),
    "password" CHAR(512),
    "registration_key" CHAR(512),
    "reset_password_key" CHAR(512),
    "registration_id" CHAR(512)
);
success!
timestamp: 2019-06-29T23:00:46.180491
CREATE TABLE "auth_group"(
    "id" INTEGER PRIMARY KEY AUTOINCREMENT,
    "role" CHAR(512),
    "description" TEXT
);
success!
timestamp: 2019-06-29T23:00:46.188283
CREATE TABLE "auth_membership"(
    "id" INTEGER PRIMARY KEY AUTOINCREMENT,
    "user_id" INTEGER REFERENCES "auth_user" ("id") ON DELETE CASCADE  ,
    "group_id" INTEGER REFERENCES "auth_group" ("id") ON DELETE CASCADE  
);
success!
timestamp: 2019-06-29T23:00:46.192958
CREATE TABLE "auth_permission"(
    "id" INTEGER PRIMARY KEY AUTOINCREMENT,
    "group_id" INTEGER REFERENCES "auth_group" ("id") ON DELETE CASCADE  ,
    "name" CHAR(512),
    "table_name" CHAR(512),
    "record_id" INTEGER
);
success!
timestamp: 2019-06-29T23:00:46.197508
CREATE TABLE "auth_event"(
    "id" INTEGER PRIMARY KEY AUTOINCREMENT,
    "time_stamp" TIMESTAMP,
    "client_ip" CHAR(512),
    "user_id" INTEGER REFERENCES "auth_user" ("id") ON DELETE CASCADE  ,
    "origin" CHAR(512),
    "description" TEXT
);
success!
timestamp: 2019-06-29T23:00:46.203368
CREATE TABLE "auth_cas"(
    "id" INTEGER PRIMARY KEY AUTOINCREMENT,
    "user_id" INTEGER REFERENCES "auth_user" ("id") ON DELETE CASCADE  ,
    "created_on" TIMESTAMP,
    "service" CHAR(512),
    "ticket" CHAR(512),
    "renew" CHAR(1)
);
success!
timestamp: 2019-06-29T23:00:46.210092
CREATE TABLE "product"(
    "id" INTEGER PRIMARY KEY AUTOINCREMENT,
    "name" CHAR(512),
    "product_quantity" INTEGER,
    "sales_price" DOUBLE
);
success!
timestamp: 2019-06-29T23:00:46.215903
CREATE TABLE "profile"(
    "id" INTEGER PRIMARY KEY AUTOINCREMENT,
    "profile_email" CHAR(512),
    "profile_name" CHAR(512),
    "profile_street" CHAR(512),
    "profile_city" CHAR(512),
    "profile_zip" CHAR(512)
);
success!
timestamp: 2019-06-29T23:00:46.221072
CREATE TABLE "orders"(
    "id" INTEGER PRIMARY KEY AUTOINCREMENT,
    "orders_user" CHAR(reference profile),
    "product_id" CHAR(reference product),
    "orders_quantity" INTEGER,
    "orders_date" CHAR(512),
    "orders_paid" DOUBLE
);
timestamp: 2019-06-29T23:01:48.122932
CREATE TABLE "orders"(
    "id" INTEGER PRIMARY KEY AUTOINCREMENT,
    "orders_user" CHAR(512),
    "product_id" CHAR(512),
    "orders_quantity" INTEGER,
    "orders_date" CHAR(512),
    "orders_paid" DOUBLE
);
success!
success!
timestamp: 2019-06-29T23:31:39.090404
ALTER TABLE "product" ADD "quantity" INTEGER;
success!
success!
success!
success!
success!
success!
success!
success!
success!
success!
timestamp: 2019-06-29T23:34:39.197718
ALTER TABLE "product" ADD "price" DOUBLE;
success!
success!
success!
success!
success!
success!
success!
success!
success!
success!
success!
success!
success!
success!
success!
success!
success!
success!
success!
success!
success!
success!
success!
success!
success!
success!
success!
success!
success!
success!
success!
success!
success!
success!
success!
success!
success!
success!
success!
success!
success!
success!
success!
success!
success!
success!
success!
success!
success!
success!
success!
success!
success!
success!
success!
success!
success!
success!
success!
success!
success!
success!
success!
success!
success!
success!
success!
success!
success!
success!
success!
success!
success!
success!
success!
success!
success!
success!
success!
success!
success!
success!
success!
success!
success!
success!
success!
success!
timestamp: 2019-06-30T00:32:47.272465
ALTER TABLE "product" ADD "title" CHAR(512);
success!
timestamp: 2019-06-30T00:32:47.306135
ALTER TABLE "profile" ADD "email" CHAR(512);
success!
success!
success!
success!
timestamp: 2019-06-30T00:35:18.523388
ALTER TABLE "profile" ADD "city" CHAR(512);
timestamp: 2019-06-30T00:35:18.524987
ALTER TABLE "profile" ADD "name" CHAR(512);
timestamp: 2019-06-30T00:35:18.526337
ALTER TABLE "profile" ADD "zip" CHAR(512);
timestamp: 2019-06-30T00:35:18.532089
ALTER TABLE "profile" ADD "street" CHAR(512);
success!
success!
success!
success!
success!
success!
success!
success!
success!
success!
success!
success!
success!
success!
success!
success!
success!
success!
success!
success!
success!
success!
success!
success!
success!
success!
success!
success!
success!
success!
success!
success!
success!
success!
success!
success!
success!
success!
success!
success!
success!
success!
success!
success!
success!
success!
success!
success!
success!
success!
success!
success!
success!
success!
success!
success!
success!
success!
success!
success!
success!
success!
success!
success!
success!
success!
success!
success!
success!
success!
success!
success!
success!
success!
success!
success!
success!
success!
success!
success!
success!
success!
success!
success!
success!
success!
success!
success!
success!
success!
success!
success!
success!
success!
success!
success!
success!
success!
success!
success!
success!
success!
success!
success!
success!
success!
success!
success!
success!
success!
success!
success!
success!
success!
success!
success!
success!
success!
success!
success!
success!
success!
success!
